<?xml version="1.0" encoding="UTF-8"?>
<testng-results skipped="0" failed="2" ignored="0" total="5" passed="3">
  <reporter-output>
    <line>
      <![CDATA[<div "result">I am on AbanteCart Home Page (PASSED : 4s)</div>]]>
    </line>
    <line>
      <![CDATA[<div "result">I hover over books and click audio CD (PASSED : 11s)</div>]]>
    </line>
    <line>
      <![CDATA[<div "result">I click sort by Rating Highest (PASSED : 1s)</div>]]>
    </line>
    <line>
      <![CDATA[<div "result">I click on New French With Ease title (PASSED : 2s)</div>]]>
    </line>
    <line>
      <![CDATA[<div "result">Iclick add to cart (FAILED : 5s)</div>]]>
    </line>
    <line>
      <![CDATA[<div "result">I enter quantity as 3 (SKIPPED)</div>]]>
    </line>
    <line>
      <![CDATA[<div "result">I click Update (SKIPPED)</div>]]>
    </line>
    <line>
      <![CDATA[<div "result">I click Country and State and choose Andorra (SKIPPED)</div>]]>
    </line>
    <line>
      <![CDATA[<div "result">I click Please Select and choose Ordino (SKIPPED)</div>]]>
    </line>
    <line>
      <![CDATA[<div "result">I input ZIP &quot;21215&quot; (SKIPPED)</div>]]>
    </line>
    <line>
      <![CDATA[<div "result">I click Checkout (SKIPPED)</div>]]>
    </line>
    <line>
      <![CDATA[<div "result">I am on AbanteCart Home Page (PASSED : 5s)</div>]]>
    </line>
    <line>
      <![CDATA[<div "result">I click on Account (PASSED : 8s)</div>]]>
    </line>
    <line>
      <![CDATA[<div "result">I click Edit account details (PASSED : 0s)</div>]]>
    </line>
    <line>
      <![CDATA[<div "result">I set First Name as &quot;Fast&quot; (PASSED : 2s)</div>]]>
    </line>
    <line>
      <![CDATA[<div "result">I set Last Name as &quot;Furious&quot; (PASSED : 2s)</div>]]>
    </line>
    <line>
      <![CDATA[<div "result">I set E-Mail as &quot;fast@gmail.com&quot; (PASSED : 2s)</div>]]>
    </line>
    <line>
      <![CDATA[<div "result">I set Telephone as &quot;123456789&quot; (PASSED : 2s)</div>]]>
    </line>
    <line>
      <![CDATA[<div "result">I set Fax as &quot;987654321&quot; (PASSED : 2s)</div>]]>
    </line>
    <line>
      <![CDATA[<div "result">I click Continue (PASSED : 2s)</div>]]>
    </line>
    <line>
      <![CDATA[<div "result">I see message displayed - Success: Your account has been successfully updated (PASSED : 0s)</div>]]>
    </line>
    <line>
      <![CDATA[<div "result">I am on AbanteCart Home Page (PASSED : 3s)</div>]]>
    </line>
    <line>
      <![CDATA[<div "result">I hover over the &quot;MAKEUP&quot; (PASSED : 5s)</div>]]>
    </line>
    <line>
      <![CDATA[<div "result">following menu options should be visible: (PASSED : 10s)</div>]]>
    </line>
    <line>
      <![CDATA[<div "result">I should be able to choose &quot;Nails&quot; (PASSED : 14s)</div>]]>
    </line>
    <line>
      <![CDATA[<div "result">I should be able to choose &quot;FLUID SHINE NAIL POLISH&quot; (PASSED : 13s)</div>]]>
    </line>
    <line>
      <![CDATA[<div "result">Verify the Pirce is &quot;$137&quot; (PASSED : 0s)</div>]]>
    </line>
    <line>
      <![CDATA[<div "result">I click on the add to cart button (PASSED : 12s)</div>]]>
    </line>
    <line>
      <![CDATA[<div "result">I should be able to Choose Country &quot;United States&quot; (FAILED : 5s)</div>]]>
    </line>
    <line>
      <![CDATA[<div "result">I choose City &quot;Illinois&quot; (SKIPPED)</div>]]>
    </line>
    <line>
      <![CDATA[<div "result">I type Zipcode &quot;60018&quot; (SKIPPED)</div>]]>
    </line>
    <line>
      <![CDATA[<div "result">Click on the Continue Shopping (SKIPPED)</div>]]>
    </line>
    <line>
      <![CDATA[<div "result">I am on AbanteCart Home Page (PASSED : 3s)</div>]]>
    </line>
    <line>
      <![CDATA[<div "result">I go to tab FRAGRANCE (PASSED : 0s)</div>]]>
    </line>
    <line>
      <![CDATA[<div "result">I choose option WOMEN (PASSED : 2s)</div>]]>
    </line>
    <line>
      <![CDATA[<div "result">I am on page with WOMEN products (PASSED : 0s)</div>]]>
    </line>
    <line>
      <![CDATA[<div "result">I see the product with name BEAUTY EAU DE PARFUM (PASSED : 0s)</div>]]>
    </line>
    <line>
      <![CDATA[<div "result">I click on the product with name BEAUTY EAU DE PARFUM (PASSED : 1s)</div>]]>
    </line>
    <line>
      <![CDATA[<div "result">I see page with the same product name  BEAUTY EAU DE PARFUM (PASSED : 0s)</div>]]>
    </line>
    <line>
      <![CDATA[<div "result">I am on AbanteCart Home Page (PASSED : 5s)</div>]]>
    </line>
    <line>
      <![CDATA[<div "result">I go to tab SKINCARE (PASSED : 0s)</div>]]>
    </line>
    <line>
      <![CDATA[<div "result">I choose option EYES (PASSED : 1s)</div>]]>
    </line>
    <line>
      <![CDATA[<div "result">I am on page with EYES products (PASSED : 0s)</div>]]>
    </line>
    <line>
      <![CDATA[<div "result">I see product ABSOLUTE EYES PRECIOUS CELLS (PASSED : 0s)</div>]]>
    </line>
    <line>
      <![CDATA[<div "result">I hover over a product (PASSED : 0s)</div>]]>
    </line>
    <line>
      <![CDATA[<div "result">I click on View button (PASSED : 1s)</div>]]>
    </line>
    <line>
      <![CDATA[<div "result">I see page with the same product name ABSOLUTE EYES PRECIOUS CELLS (PASSED : 0s)</div>]]>
    </line>
  </reporter-output>
  <suite name="Default suite" duration-ms="146314" started-at="2018-04-09T22:19:02Z" finished-at="2018-04-09T22:21:29Z">
    <groups>
      <group name="cucumber">
        <method signature="AbstractTestNGCucumberTests.runScenario(cucumber.api.testng.PickleEventWrapper, cucumber.api.testng.CucumberFeatureWrapper)[pri:0, instance:com.app.runner.CukesRunner@2d928643]" name="runScenario" class="cucumber.api.testng.AbstractTestNGCucumberTests"/>
      </group> <!-- cucumber -->
    </groups>
    <test name="Default test" duration-ms="146314" started-at="2018-04-09T22:19:02Z" finished-at="2018-04-09T22:21:29Z">
      <class name="com.app.runner.CukesRunner">
        <test-method status="PASS" signature="setUpClass()[pri:0, instance:com.app.runner.CukesRunner@2d928643]" name="setUpClass" is-config="true" duration-ms="195" started-at="2018-04-09T22:19:02Z" finished-at="2018-04-09T22:19:03Z">
          <reporter-output>
          </reporter-output>
        </test-method> <!-- setUpClass -->
        <test-method status="FAIL" signature="runScenario(cucumber.api.testng.PickleEventWrapper, cucumber.api.testng.CucumberFeatureWrapper)[pri:0, instance:com.app.runner.CukesRunner@2d928643]" name="runScenario" duration-ms="28043" started-at="2018-04-09T22:19:03Z" description="Runs Cucumber Scenarios" data-provider="scenarios" finished-at="2018-04-09T22:19:31Z">
          <params>
            <param index="0">
              <value>
                <![CDATA["Buy audio books"]]>
              </value>
            </param>
            <param index="1">
              <value>
                <![CDATA["Buying Books"]]>
              </value>
            </param>
          </params>
          <exception class="org.openqa.selenium.NoSuchElementException">
            <message>
              <![CDATA[no such element: Unable to locate element: {"method":"xpath","selector":"//a[@class='cart']"}
  (Session info: chrome=65.0.3325.181)
  (Driver info: chromedriver=2.37.543654 (a46b62e9900f5ac48951f8ad68d9e03eded4cc8d),platform=Mac OS X 10.13.1 x86_64) (WARNING: The server did not provide any stacktrace information)
Command duration or timeout: 0 milliseconds
For documentation on this error, please visit: http://seleniumhq.org/exceptions/no_such_element.html
Build info: version: '3.11.0', revision: 'e59cfb3', time: '2018-03-11T20:26:55.152Z'
System info: host: 'Nijats-MacBook-Pro.local', ip: 'fe80:0:0:0:1ccf:8b12:4c76:7085%en0', os.name: 'Mac OS X', os.arch: 'x86_64', os.version: '10.13.1', java.version: '1.8.0_161'
Driver info: org.openqa.selenium.chrome.ChromeDriver
Capabilities {acceptInsecureCerts: false, acceptSslCerts: false, applicationCacheEnabled: false, browserConnectionEnabled: false, browserName: chrome, chrome: {chromedriverVersion: 2.37.543654 (a46b62e9900f5a..., userDataDir: /var/folders/7v/8vh4h4751v1...}, cssSelectorsEnabled: true, databaseEnabled: false, handlesAlerts: true, hasTouchScreen: false, javascriptEnabled: true, locationContextEnabled: true, mobileEmulationEnabled: false, nativeEvents: true, networkConnectionEnabled: false, pageLoadStrategy: normal, platform: MAC, platformName: MAC, rotatable: false, setWindowRect: true, takesHeapSnapshot: true, takesScreenshot: true, unexpectedAlertBehaviour: , unhandledPromptBehavior: , version: 65.0.3325.181, webStorageEnabled: true}
Session ID: 20ddb0946fda93f990b572950b7613a7
*** Element info: {Using=xpath, value=//a[@class='cart']}]]>
            </message>
            <full-stacktrace>
              <![CDATA[org.openqa.selenium.NoSuchElementException: no such element: Unable to locate element: {"method":"xpath","selector":"//a[@class='cart']"}
  (Session info: chrome=65.0.3325.181)
  (Driver info: chromedriver=2.37.543654 (a46b62e9900f5ac48951f8ad68d9e03eded4cc8d),platform=Mac OS X 10.13.1 x86_64) (WARNING: The server did not provide any stacktrace information)
Command duration or timeout: 0 milliseconds
For documentation on this error, please visit: http://seleniumhq.org/exceptions/no_such_element.html
Build info: version: '3.11.0', revision: 'e59cfb3', time: '2018-03-11T20:26:55.152Z'
System info: host: 'Nijats-MacBook-Pro.local', ip: 'fe80:0:0:0:1ccf:8b12:4c76:7085%en0', os.name: 'Mac OS X', os.arch: 'x86_64', os.version: '10.13.1', java.version: '1.8.0_161'
Driver info: org.openqa.selenium.chrome.ChromeDriver
Capabilities {acceptInsecureCerts: false, acceptSslCerts: false, applicationCacheEnabled: false, browserConnectionEnabled: false, browserName: chrome, chrome: {chromedriverVersion: 2.37.543654 (a46b62e9900f5a..., userDataDir: /var/folders/7v/8vh4h4751v1...}, cssSelectorsEnabled: true, databaseEnabled: false, handlesAlerts: true, hasTouchScreen: false, javascriptEnabled: true, locationContextEnabled: true, mobileEmulationEnabled: false, nativeEvents: true, networkConnectionEnabled: false, pageLoadStrategy: normal, platform: MAC, platformName: MAC, rotatable: false, setWindowRect: true, takesHeapSnapshot: true, takesScreenshot: true, unexpectedAlertBehaviour: , unhandledPromptBehavior: , version: 65.0.3325.181, webStorageEnabled: true}
Session ID: 20ddb0946fda93f990b572950b7613a7
*** Element info: {Using=xpath, value=//a[@class='cart']}
at sun.reflect.NativeConstructorAccessorImpl.newInstance0(Native Method)
at sun.reflect.NativeConstructorAccessorImpl.newInstance(NativeConstructorAccessorImpl.java:62)
at sun.reflect.DelegatingConstructorAccessorImpl.newInstance(DelegatingConstructorAccessorImpl.java:45)
at java.lang.reflect.Constructor.newInstance(Constructor.java:423)
at org.openqa.selenium.remote.ErrorHandler.createThrowable(ErrorHandler.java:214)
at org.openqa.selenium.remote.ErrorHandler.throwIfResponseFailed(ErrorHandler.java:166)
at org.openqa.selenium.remote.http.JsonHttpResponseCodec.reconstructValue(JsonHttpResponseCodec.java:40)
at org.openqa.selenium.remote.http.AbstractHttpResponseCodec.decode(AbstractHttpResponseCodec.java:80)
at org.openqa.selenium.remote.http.AbstractHttpResponseCodec.decode(AbstractHttpResponseCodec.java:44)
at org.openqa.selenium.remote.HttpCommandExecutor.execute(HttpCommandExecutor.java:158)
at org.openqa.selenium.remote.service.DriverCommandExecutor.execute(DriverCommandExecutor.java:83)
at org.openqa.selenium.remote.RemoteWebDriver.execute(RemoteWebDriver.java:545)
at org.openqa.selenium.remote.RemoteWebDriver.findElement(RemoteWebDriver.java:319)
at org.openqa.selenium.remote.RemoteWebDriver.findElementByXPath(RemoteWebDriver.java:421)
at org.openqa.selenium.By$ByXPath.findElement(By.java:361)
at org.openqa.selenium.remote.RemoteWebDriver.findElement(RemoteWebDriver.java:311)
at org.openqa.selenium.support.pagefactory.DefaultElementLocator.findElement(DefaultElementLocator.java:69)
at org.openqa.selenium.support.pagefactory.internal.LocatingElementHandler.invoke(LocatingElementHandler.java:38)
at com.sun.proxy.$Proxy18.click(Unknown Source)
at com.app.step_definitions.BuyBooksStepDefs.iclick_add_to_cart(BuyBooksStepDefs.java:46)
at ✽.Iclick add to cart(src/test/resources/features/BuyBooks.feature:11)
]]>
            </full-stacktrace>
          </exception> <!-- org.openqa.selenium.NoSuchElementException -->
          <reporter-output>
            <line>
              <![CDATA[<div "result">I am on AbanteCart Home Page (PASSED : 4s)</div>]]>
            </line>
            <line>
              <![CDATA[<div "result">I hover over books and click audio CD (PASSED : 11s)</div>]]>
            </line>
            <line>
              <![CDATA[<div "result">I click sort by Rating Highest (PASSED : 1s)</div>]]>
            </line>
            <line>
              <![CDATA[<div "result">I click on New French With Ease title (PASSED : 2s)</div>]]>
            </line>
            <line>
              <![CDATA[<div "result">Iclick add to cart (FAILED : 5s)</div>]]>
            </line>
            <line>
              <![CDATA[<div "result">I enter quantity as 3 (SKIPPED)</div>]]>
            </line>
            <line>
              <![CDATA[<div "result">I click Update (SKIPPED)</div>]]>
            </line>
            <line>
              <![CDATA[<div "result">I click Country and State and choose Andorra (SKIPPED)</div>]]>
            </line>
            <line>
              <![CDATA[<div "result">I click Please Select and choose Ordino (SKIPPED)</div>]]>
            </line>
            <line>
              <![CDATA[<div "result">I input ZIP &quot;21215&quot; (SKIPPED)</div>]]>
            </line>
            <line>
              <![CDATA[<div "result">I click Checkout (SKIPPED)</div>]]>
            </line>
          </reporter-output>
        </test-method> <!-- runScenario -->
        <test-method status="PASS" signature="runScenario(cucumber.api.testng.PickleEventWrapper, cucumber.api.testng.CucumberFeatureWrapper)[pri:0, instance:com.app.runner.CukesRunner@2d928643]" name="runScenario" duration-ms="29962" started-at="2018-04-09T22:19:31Z" description="Runs Cucumber Scenarios" data-provider="scenarios" finished-at="2018-04-09T22:20:01Z">
          <params>
            <param index="0">
              <value>
                <![CDATA["Edit account details"]]>
              </value>
            </param>
            <param index="1">
              <value>
                <![CDATA["Buying Books"]]>
              </value>
            </param>
          </params>
          <reporter-output>
            <line>
              <![CDATA[<div "result">I am on AbanteCart Home Page (PASSED : 5s)</div>]]>
            </line>
            <line>
              <![CDATA[<div "result">I click on Account (PASSED : 8s)</div>]]>
            </line>
            <line>
              <![CDATA[<div "result">I click Edit account details (PASSED : 0s)</div>]]>
            </line>
            <line>
              <![CDATA[<div "result">I set First Name as &quot;Fast&quot; (PASSED : 2s)</div>]]>
            </line>
            <line>
              <![CDATA[<div "result">I set Last Name as &quot;Furious&quot; (PASSED : 2s)</div>]]>
            </line>
            <line>
              <![CDATA[<div "result">I set E-Mail as &quot;fast@gmail.com&quot; (PASSED : 2s)</div>]]>
            </line>
            <line>
              <![CDATA[<div "result">I set Telephone as &quot;123456789&quot; (PASSED : 2s)</div>]]>
            </line>
            <line>
              <![CDATA[<div "result">I set Fax as &quot;987654321&quot; (PASSED : 2s)</div>]]>
            </line>
            <line>
              <![CDATA[<div "result">I click Continue (PASSED : 2s)</div>]]>
            </line>
            <line>
              <![CDATA[<div "result">I see message displayed - Success: Your account has been successfully updated (PASSED : 0s)</div>]]>
            </line>
          </reporter-output>
        </test-method> <!-- runScenario -->
        <test-method status="FAIL" signature="runScenario(cucumber.api.testng.PickleEventWrapper, cucumber.api.testng.CucumberFeatureWrapper)[pri:0, instance:com.app.runner.CukesRunner@2d928643]" name="runScenario" duration-ms="67657" started-at="2018-04-09T22:20:01Z" description="Runs Cucumber Scenarios" data-provider="scenarios" finished-at="2018-04-09T22:21:08Z">
          <params>
            <param index="0">
              <value>
                <![CDATA["Buy Nail Product"]]>
              </value>
            </param>
            <param index="1">
              <value>
                <![CDATA["Nails"]]>
              </value>
            </param>
          </params>
          <exception class="org.openqa.selenium.NoSuchElementException">
            <message>
              <![CDATA[no such element: Unable to locate element: {"method":"xpath","selector":"//select[@id='estimate_country']"}
  (Session info: chrome=65.0.3325.181)
  (Driver info: chromedriver=2.37.543654 (a46b62e9900f5ac48951f8ad68d9e03eded4cc8d),platform=Mac OS X 10.13.1 x86_64) (WARNING: The server did not provide any stacktrace information)
Command duration or timeout: 0 milliseconds
For documentation on this error, please visit: http://seleniumhq.org/exceptions/no_such_element.html
Build info: version: '3.11.0', revision: 'e59cfb3', time: '2018-03-11T20:26:55.152Z'
System info: host: 'Nijats-MacBook-Pro.local', ip: 'fe80:0:0:0:1ccf:8b12:4c76:7085%en0', os.name: 'Mac OS X', os.arch: 'x86_64', os.version: '10.13.1', java.version: '1.8.0_161'
Driver info: org.openqa.selenium.chrome.ChromeDriver
Capabilities {acceptInsecureCerts: false, acceptSslCerts: false, applicationCacheEnabled: false, browserConnectionEnabled: false, browserName: chrome, chrome: {chromedriverVersion: 2.37.543654 (a46b62e9900f5a..., userDataDir: /var/folders/7v/8vh4h4751v1...}, cssSelectorsEnabled: true, databaseEnabled: false, handlesAlerts: true, hasTouchScreen: false, javascriptEnabled: true, locationContextEnabled: true, mobileEmulationEnabled: false, nativeEvents: true, networkConnectionEnabled: false, pageLoadStrategy: normal, platform: MAC, platformName: MAC, rotatable: false, setWindowRect: true, takesHeapSnapshot: true, takesScreenshot: true, unexpectedAlertBehaviour: , unhandledPromptBehavior: , version: 65.0.3325.181, webStorageEnabled: true}
Session ID: f473207cd5ec7f962caf8e3eb7cdd57c
*** Element info: {Using=xpath, value=//select[@id='estimate_country']}]]>
            </message>
            <full-stacktrace>
              <![CDATA[org.openqa.selenium.NoSuchElementException: no such element: Unable to locate element: {"method":"xpath","selector":"//select[@id='estimate_country']"}
  (Session info: chrome=65.0.3325.181)
  (Driver info: chromedriver=2.37.543654 (a46b62e9900f5ac48951f8ad68d9e03eded4cc8d),platform=Mac OS X 10.13.1 x86_64) (WARNING: The server did not provide any stacktrace information)
Command duration or timeout: 0 milliseconds
For documentation on this error, please visit: http://seleniumhq.org/exceptions/no_such_element.html
Build info: version: '3.11.0', revision: 'e59cfb3', time: '2018-03-11T20:26:55.152Z'
System info: host: 'Nijats-MacBook-Pro.local', ip: 'fe80:0:0:0:1ccf:8b12:4c76:7085%en0', os.name: 'Mac OS X', os.arch: 'x86_64', os.version: '10.13.1', java.version: '1.8.0_161'
Driver info: org.openqa.selenium.chrome.ChromeDriver
Capabilities {acceptInsecureCerts: false, acceptSslCerts: false, applicationCacheEnabled: false, browserConnectionEnabled: false, browserName: chrome, chrome: {chromedriverVersion: 2.37.543654 (a46b62e9900f5a..., userDataDir: /var/folders/7v/8vh4h4751v1...}, cssSelectorsEnabled: true, databaseEnabled: false, handlesAlerts: true, hasTouchScreen: false, javascriptEnabled: true, locationContextEnabled: true, mobileEmulationEnabled: false, nativeEvents: true, networkConnectionEnabled: false, pageLoadStrategy: normal, platform: MAC, platformName: MAC, rotatable: false, setWindowRect: true, takesHeapSnapshot: true, takesScreenshot: true, unexpectedAlertBehaviour: , unhandledPromptBehavior: , version: 65.0.3325.181, webStorageEnabled: true}
Session ID: f473207cd5ec7f962caf8e3eb7cdd57c
*** Element info: {Using=xpath, value=//select[@id='estimate_country']}
at sun.reflect.NativeConstructorAccessorImpl.newInstance0(Native Method)
at sun.reflect.NativeConstructorAccessorImpl.newInstance(NativeConstructorAccessorImpl.java:62)
at sun.reflect.DelegatingConstructorAccessorImpl.newInstance(DelegatingConstructorAccessorImpl.java:45)
at java.lang.reflect.Constructor.newInstance(Constructor.java:423)
at org.openqa.selenium.remote.ErrorHandler.createThrowable(ErrorHandler.java:214)
at org.openqa.selenium.remote.ErrorHandler.throwIfResponseFailed(ErrorHandler.java:166)
at org.openqa.selenium.remote.http.JsonHttpResponseCodec.reconstructValue(JsonHttpResponseCodec.java:40)
at org.openqa.selenium.remote.http.AbstractHttpResponseCodec.decode(AbstractHttpResponseCodec.java:80)
at org.openqa.selenium.remote.http.AbstractHttpResponseCodec.decode(AbstractHttpResponseCodec.java:44)
at org.openqa.selenium.remote.HttpCommandExecutor.execute(HttpCommandExecutor.java:158)
at org.openqa.selenium.remote.service.DriverCommandExecutor.execute(DriverCommandExecutor.java:83)
at org.openqa.selenium.remote.RemoteWebDriver.execute(RemoteWebDriver.java:545)
at org.openqa.selenium.remote.RemoteWebDriver.findElement(RemoteWebDriver.java:319)
at org.openqa.selenium.remote.RemoteWebDriver.findElementByXPath(RemoteWebDriver.java:421)
at org.openqa.selenium.By$ByXPath.findElement(By.java:361)
at org.openqa.selenium.remote.RemoteWebDriver.findElement(RemoteWebDriver.java:311)
at org.openqa.selenium.support.pagefactory.DefaultElementLocator.findElement(DefaultElementLocator.java:69)
at org.openqa.selenium.support.pagefactory.internal.LocatingElementHandler.invoke(LocatingElementHandler.java:38)
at com.sun.proxy.$Proxy18.getTagName(Unknown Source)
at org.openqa.selenium.support.ui.Select.<init>(Select.java:44)
at com.app.utilities.BrowserUtils.Selects(BrowserUtils.java:22)
at com.app.step_definitions.NailsStepDefs.i_should_be_able_to_Choose_Country(NailsStepDefs.java:76)
at ✽.I should be able to Choose Country "United States"(src/test/resources/features/Nails.feature:21)
]]>
            </full-stacktrace>
          </exception> <!-- org.openqa.selenium.NoSuchElementException -->
          <reporter-output>
            <line>
              <![CDATA[<div "result">I am on AbanteCart Home Page (PASSED : 3s)</div>]]>
            </line>
            <line>
              <![CDATA[<div "result">I hover over the &quot;MAKEUP&quot; (PASSED : 5s)</div>]]>
            </line>
            <line>
              <![CDATA[<div "result">following menu options should be visible: (PASSED : 10s)</div>]]>
            </line>
            <line>
              <![CDATA[<div "result">I should be able to choose &quot;Nails&quot; (PASSED : 14s)</div>]]>
            </line>
            <line>
              <![CDATA[<div "result">I should be able to choose &quot;FLUID SHINE NAIL POLISH&quot; (PASSED : 13s)</div>]]>
            </line>
            <line>
              <![CDATA[<div "result">Verify the Pirce is &quot;$137&quot; (PASSED : 0s)</div>]]>
            </line>
            <line>
              <![CDATA[<div "result">I click on the add to cart button (PASSED : 12s)</div>]]>
            </line>
            <line>
              <![CDATA[<div "result">I should be able to Choose Country &quot;United States&quot; (FAILED : 5s)</div>]]>
            </line>
            <line>
              <![CDATA[<div "result">I choose City &quot;Illinois&quot; (SKIPPED)</div>]]>
            </line>
            <line>
              <![CDATA[<div "result">I type Zipcode &quot;60018&quot; (SKIPPED)</div>]]>
            </line>
            <line>
              <![CDATA[<div "result">Click on the Continue Shopping (SKIPPED)</div>]]>
            </line>
          </reporter-output>
        </test-method> <!-- runScenario -->
        <test-method status="PASS" signature="runScenario(cucumber.api.testng.PickleEventWrapper, cucumber.api.testng.CucumberFeatureWrapper)[pri:0, instance:com.app.runner.CukesRunner@2d928643]" name="runScenario" duration-ms="9229" started-at="2018-04-09T22:21:08Z" description="Runs Cucumber Scenarios" data-provider="scenarios" finished-at="2018-04-09T22:21:17Z">
          <params>
            <param index="0">
              <value>
                <![CDATA["Click on Product - Product name and product price on the Product Description page are the same as on the Multiple Products page"]]>
              </value>
            </param>
            <param index="1">
              <value>
                <![CDATA["Product Description"]]>
              </value>
            </param>
          </params>
          <reporter-output>
            <line>
              <![CDATA[<div "result">I am on AbanteCart Home Page (PASSED : 3s)</div>]]>
            </line>
            <line>
              <![CDATA[<div "result">I go to tab FRAGRANCE (PASSED : 0s)</div>]]>
            </line>
            <line>
              <![CDATA[<div "result">I choose option WOMEN (PASSED : 2s)</div>]]>
            </line>
            <line>
              <![CDATA[<div "result">I am on page with WOMEN products (PASSED : 0s)</div>]]>
            </line>
            <line>
              <![CDATA[<div "result">I see the product with name BEAUTY EAU DE PARFUM (PASSED : 0s)</div>]]>
            </line>
            <line>
              <![CDATA[<div "result">I click on the product with name BEAUTY EAU DE PARFUM (PASSED : 1s)</div>]]>
            </line>
            <line>
              <![CDATA[<div "result">I see page with the same product name  BEAUTY EAU DE PARFUM (PASSED : 0s)</div>]]>
            </line>
          </reporter-output>
        </test-method> <!-- runScenario -->
        <test-method status="PASS" signature="runScenario(cucumber.api.testng.PickleEventWrapper, cucumber.api.testng.CucumberFeatureWrapper)[pri:0, instance:com.app.runner.CukesRunner@2d928643]" name="runScenario" duration-ms="11061" started-at="2018-04-09T22:21:17Z" description="Runs Cucumber Scenarios" data-provider="scenarios" finished-at="2018-04-09T22:21:29Z">
          <params>
            <param index="0">
              <value>
                <![CDATA["Click on View - Product name on the Product Description page is the same as on the Multiple Products page"]]>
              </value>
            </param>
            <param index="1">
              <value>
                <![CDATA["Product Description"]]>
              </value>
            </param>
          </params>
          <reporter-output>
            <line>
              <![CDATA[<div "result">I am on AbanteCart Home Page (PASSED : 5s)</div>]]>
            </line>
            <line>
              <![CDATA[<div "result">I go to tab SKINCARE (PASSED : 0s)</div>]]>
            </line>
            <line>
              <![CDATA[<div "result">I choose option EYES (PASSED : 1s)</div>]]>
            </line>
            <line>
              <![CDATA[<div "result">I am on page with EYES products (PASSED : 0s)</div>]]>
            </line>
            <line>
              <![CDATA[<div "result">I see product ABSOLUTE EYES PRECIOUS CELLS (PASSED : 0s)</div>]]>
            </line>
            <line>
              <![CDATA[<div "result">I hover over a product (PASSED : 0s)</div>]]>
            </line>
            <line>
              <![CDATA[<div "result">I click on View button (PASSED : 1s)</div>]]>
            </line>
            <line>
              <![CDATA[<div "result">I see page with the same product name ABSOLUTE EYES PRECIOUS CELLS (PASSED : 0s)</div>]]>
            </line>
          </reporter-output>
        </test-method> <!-- runScenario -->
        <test-method status="PASS" signature="tearDownClass()[pri:0, instance:com.app.runner.CukesRunner@2d928643]" name="tearDownClass" is-config="true" duration-ms="72" started-at="2018-04-09T22:21:29Z" finished-at="2018-04-09T22:21:29Z">
          <reporter-output>
          </reporter-output>
        </test-method> <!-- tearDownClass -->
      </class> <!-- com.app.runner.CukesRunner -->
    </test> <!-- Default test -->
  </suite> <!-- Default suite -->
</testng-results>
